#MPI-parallelism will be employed. Running on 1 total cores.
# VASP-BAUM version 0.0.1  (build Dec 10 2021 16:20:19)

#!!!!!!!!!!!!!!!!!!!!!!!!!!!!!!!!!!!!!!!!!!!!!!!!!!!!!
#! Copyright 2018. Hyun-Jung Kim All rights reserved.!
#!           (FJZ,  h.kim@fz-juelich.de)             !
#!           (KIAS, Infant@kias.re.kr)               !
#!           (angpangmokjang@hanmail.net)            !
#!!!!!!!!!!!!!!!!!!!!!!!!!!!!!!!!!!!!!!!!!!!!!!!!!!!!!

 -------------------------------------------------------------------------
| Program start on  10 Dec. 2021   4:22:36.006 PM
| Executed on  Infant-fzj.local : NODE =            0
 -------------------------------------------------------------------------

#- READING POSCAR  FILE:
  --> ./POSCAR_PC
  Primitive cell lattice vector A_PC
    A_PC = [   2.8477  -1.6441   0.0000;
               2.8477   1.6441   0.0000;
               0.0000   0.0000  20.0000]
  Primitive cell reciprocal lattice vector B_PC
    B_PC = [   1.1032  -1.9108   0.0000;
               1.1032   1.9108   0.0000;
               0.0000   0.0000   0.3142]

  --> ./POSCAR_SC
  Primitive cell lattice vector A_PC
    A_SC = [   8.5431   1.6441   0.0000;
               2.8477   8.2206   0.0000;
               0.0000   0.0000  20.0000]
  Primitive cell lattice vector A_PC
    B_SC = [   0.7880  -0.2730   0.0000;
              -0.1576   0.8189   0.0000;
               0.0000   0.0000   0.3142]

  Transformation matrix M: M*A_PC = A_SC
      M = [    1.000    2.000    0.000;
              -2.000    3.000    0.000;
               0.000    0.000    1.000]

#- READING KPOINTS (PC) FILE:
  --> ./KPOINTS_PC

  k-point k0(PC):    0.0000   0.0000   0.0000 , K0(SC):    0.0000   0.0000   0.0000 , G0(SC):     0    0    0
  k-point k0(PC):    0.0000   0.0278   0.0000 , K0(SC):    0.0556   0.0833   0.0000 , G0(SC):     0    0    0
  k-point k0(PC):    0.0000   0.0556   0.0000 , K0(SC):    0.1111   0.1667   0.0000 , G0(SC):     0    0    0
  k-point k0(PC):    0.0000   0.0833   0.0000 , K0(SC):    0.1667   0.2500   0.0000 , G0(SC):     0    0    0
  k-point k0(PC):    0.0000   0.1111   0.0000 , K0(SC):    0.2222   0.3333   0.0000 , G0(SC):     0    0    0
  k-point k0(PC):    0.0000   0.1389   0.0000 , K0(SC):    0.2778   0.4167   0.0000 , G0(SC):     0    0    0
  k-point k0(PC):    0.0000   0.1667   0.0000 , K0(SC):    0.3333  -0.5000   0.0000 , G0(SC):     0    1    0
  k-point k0(PC):    0.0000   0.1944   0.0000 , K0(SC):    0.3889  -0.4167   0.0000 , G0(SC):     0    1    0
  k-point k0(PC):    0.0000   0.2222   0.0000 , K0(SC):    0.4444  -0.3333   0.0000 , G0(SC):     0    1    0
  k-point k0(PC):    0.0000   0.2500   0.0000 , K0(SC):    0.5000  -0.2500   0.0000 , G0(SC):     0    1    0
  k-point k0(PC):    0.0000   0.2778   0.0000 , K0(SC):   -0.4444  -0.1667   0.0000 , G0(SC):     1    1    0
  k-point k0(PC):    0.0000   0.3056   0.0000 , K0(SC):   -0.3889  -0.0833   0.0000 , G0(SC):     1    1    0
  k-point k0(PC):    0.0000   0.3333   0.0000 , K0(SC):   -0.3333   0.0000   0.0000 , G0(SC):     1    1    0
  k-point k0(PC):    0.0000   0.3611   0.0000 , K0(SC):   -0.2778   0.0833   0.0000 , G0(SC):     1    1    0
  k-point k0(PC):    0.0000   0.3889   0.0000 , K0(SC):   -0.2222   0.1667   0.0000 , G0(SC):     1    1    0
  k-point k0(PC):    0.0000   0.4167   0.0000 , K0(SC):   -0.1667   0.2500   0.0000 , G0(SC):     1    1    0
  k-point k0(PC):    0.0000   0.4444   0.0000 , K0(SC):   -0.1111   0.3333   0.0000 , G0(SC):     1    1    0
  k-point k0(PC):    0.0000   0.4722   0.0000 , K0(SC):   -0.0556   0.4167   0.0000 , G0(SC):     1    1    0
  k-point k0(PC):    0.0000   0.5000   0.0000 , K0(SC):   -0.0000  -0.5000   0.0000 , G0(SC):     1    2    0
  k-point k0(PC):    0.0000   0.5000   0.0000 , K0(SC):   -0.0000  -0.5000   0.0000 , G0(SC):     1    2    0
  k-point k0(PC):    0.0185   0.5093   0.0000 , K0(SC):    0.0370   0.4907   0.0000 , G0(SC):     1    1    0
  k-point k0(PC):    0.0370   0.5185   0.0000 , K0(SC):    0.0741   0.4815   0.0000 , G0(SC):     1    1    0
  k-point k0(PC):    0.0556   0.5278   0.0000 , K0(SC):    0.1111   0.4722   0.0000 , G0(SC):     1    1    0
  k-point k0(PC):    0.0741   0.5370   0.0000 , K0(SC):    0.1481   0.4630   0.0000 , G0(SC):     1    1    0
  k-point k0(PC):    0.0926   0.5463   0.0000 , K0(SC):    0.1852   0.4537   0.0000 , G0(SC):     1    1    0
  k-point k0(PC):    0.1111   0.5556   0.0000 , K0(SC):    0.2222   0.4444   0.0000 , G0(SC):     1    1    0
  k-point k0(PC):    0.1296   0.5648   0.0000 , K0(SC):    0.2593   0.4352   0.0000 , G0(SC):     1    1    0
  k-point k0(PC):    0.1481   0.5741   0.0000 , K0(SC):    0.2963   0.4259   0.0000 , G0(SC):     1    1    0
  k-point k0(PC):    0.1667   0.5833   0.0000 , K0(SC):    0.3333   0.4167   0.0000 , G0(SC):     1    1    0
  k-point k0(PC):    0.1852   0.5926   0.0000 , K0(SC):    0.3704   0.4074   0.0000 , G0(SC):     1    1    0
  k-point k0(PC):    0.2037   0.6019   0.0000 , K0(SC):    0.4074   0.3982   0.0000 , G0(SC):     1    1    0
  k-point k0(PC):    0.2222   0.6111   0.0000 , K0(SC):    0.4444   0.3889   0.0000 , G0(SC):     1    1    0
  k-point k0(PC):    0.2407   0.6204   0.0000 , K0(SC):    0.4815   0.3796   0.0000 , G0(SC):     1    1    0
  k-point k0(PC):    0.2593   0.6296   0.0000 , K0(SC):   -0.4815   0.3704   0.0000 , G0(SC):     2    1    0
  k-point k0(PC):    0.2778   0.6389   0.0000 , K0(SC):   -0.4444   0.3611   0.0000 , G0(SC):     2    1    0
  k-point k0(PC):    0.2963   0.6481   0.0000 , K0(SC):   -0.4074   0.3519   0.0000 , G0(SC):     2    1    0
  k-point k0(PC):    0.3148   0.6574   0.0000 , K0(SC):   -0.3704   0.3426   0.0000 , G0(SC):     2    1    0
  k-point k0(PC):    0.3333   0.6667   0.0000 , K0(SC):   -0.3333   0.3333   0.0000 , G0(SC):     2    1    0
  k-point k0(PC):    0.3333   0.6667   0.0000 , K0(SC):   -0.3333   0.3333   0.0000 , G0(SC):     2    1    0
  k-point k0(PC):    0.3704   0.6852   0.0000 , K0(SC):   -0.2593   0.3148   0.0000 , G0(SC):     2    1    0
  k-point k0(PC):    0.4074   0.7037   0.0000 , K0(SC):   -0.1852   0.2963   0.0000 , G0(SC):     2    1    0
  k-point k0(PC):    0.4444   0.7222   0.0000 , K0(SC):   -0.1111   0.2778   0.0000 , G0(SC):     2    1    0
  k-point k0(PC):    0.4815   0.7407   0.0000 , K0(SC):   -0.0370   0.2593   0.0000 , G0(SC):     2    1    0
  k-point k0(PC):    0.5185   0.7593   0.0000 , K0(SC):    0.0370   0.2407   0.0000 , G0(SC):     2    1    0
  k-point k0(PC):    0.5556   0.7778   0.0000 , K0(SC):    0.1111   0.2222   0.0000 , G0(SC):     2    1    0
  k-point k0(PC):    0.5926   0.7963   0.0000 , K0(SC):    0.1852   0.2037   0.0000 , G0(SC):     2    1    0
  k-point k0(PC):    0.6296   0.8148   0.0000 , K0(SC):    0.2593   0.1852   0.0000 , G0(SC):     2    1    0
  k-point k0(PC):    0.6667   0.8333   0.0000 , K0(SC):    0.3333   0.1667   0.0000 , G0(SC):     2    1    0
  k-point k0(PC):    0.7037   0.8519   0.0000 , K0(SC):    0.4074   0.1482   0.0000 , G0(SC):     2    1    0
  k-point k0(PC):    0.7407   0.8704   0.0000 , K0(SC):    0.4815   0.1296   0.0000 , G0(SC):     2    1    0
  k-point k0(PC):    0.7778   0.8889   0.0000 , K0(SC):   -0.4444   0.1111   0.0000 , G0(SC):     3    1    0
  k-point k0(PC):    0.8148   0.9074   0.0000 , K0(SC):   -0.3704   0.0926   0.0000 , G0(SC):     3    1    0
  k-point k0(PC):    0.8519   0.9259   0.0000 , K0(SC):   -0.2963   0.0741   0.0000 , G0(SC):     3    1    0
  k-point k0(PC):    0.8889   0.9444   0.0000 , K0(SC):   -0.2222   0.0556   0.0000 , G0(SC):     3    1    0
  k-point k0(PC):    0.9259   0.9630   0.0000 , K0(SC):   -0.1481   0.0370   0.0000 , G0(SC):     3    1    0
  k-point k0(PC):    0.9630   0.9815   0.0000 , K0(SC):   -0.0741   0.0185   0.0000 , G0(SC):     3    1    0
  k-point k0(PC):    1.0000   1.0000   0.0000 , K0(SC):   -0.0000   0.0000   0.0000 , G0(SC):     3    1    0

#- WRITING KPOINTS (SC) FILE:
  --> ./KPOINTS_SC
     Note: Copy KPOINTS_SC into KPOINTS for the VASP run
 MPI-parallelism will be finished. Good luck.
